2026-01-17 17:05:10 [ERROR]: uncaughtException: authorize is not a function
TypeError: authorize is not a function
    at Object.<anonymous> (C:\Users\shrav\OneDrive\Desktop\HIS Quasar\HIS_Quasar\hospital-his-backend\routes\patient.routes.js:14:18)
    at Module._compile (node:internal/modules/cjs/loader:1760:14)
    at Object..js (node:internal/modules/cjs/loader:1892:10)
    at Module.load (node:internal/modules/cjs/loader:1480:32)
    at Module._load (node:internal/modules/cjs/loader:1299:12)
    at TracingChannel.traceSync (node:diagnostics_channel:328:14)
    at wrapModuleLoad (node:internal/modules/cjs/loader:245:24)
    at Module.require (node:internal/modules/cjs/loader:1503:12)
    at require (node:internal/modules/helpers:152:16)
    at Object.<anonymous> (C:\Users\shrav\OneDrive\Desktop\HIS Quasar\HIS_Quasar\hospital-his-backend\server.js:23:23)
TypeError: authorize is not a function
    at Object.<anonymous> (C:\Users\shrav\OneDrive\Desktop\HIS Quasar\HIS_Quasar\hospital-his-backend\routes\patient.routes.js:14:18)
    at Module._compile (node:internal/modules/cjs/loader:1760:14)
    at Object..js (node:internal/modules/cjs/loader:1892:10)
    at Module.load (node:internal/modules/cjs/loader:1480:32)
    at Module._load (node:internal/modules/cjs/loader:1299:12)
    at TracingChannel.traceSync (node:diagnostics_channel:328:14)
    at wrapModuleLoad (node:internal/modules/cjs/loader:245:24)
    at Module.require (node:internal/modules/cjs/loader:1503:12)
    at require (node:internal/modules/helpers:152:16)
    at Object.<anonymous> (C:\Users\shrav\OneDrive\Desktop\HIS Quasar\HIS_Quasar\hospital-his-backend\server.js:23:23)
2026-01-17 17:05:12 [ERROR]: uncaughtException: authorize is not a function
TypeError: authorize is not a function
    at Object.<anonymous> (C:\Users\shrav\OneDrive\Desktop\HIS Quasar\HIS_Quasar\hospital-his-backend\routes\patient.routes.js:14:18)
    at Module._compile (node:internal/modules/cjs/loader:1760:14)
    at Object..js (node:internal/modules/cjs/loader:1892:10)
    at Module.load (node:internal/modules/cjs/loader:1480:32)
    at Module._load (node:internal/modules/cjs/loader:1299:12)
    at TracingChannel.traceSync (node:diagnostics_channel:328:14)
    at wrapModuleLoad (node:internal/modules/cjs/loader:245:24)
    at Module.require (node:internal/modules/cjs/loader:1503:12)
    at require (node:internal/modules/helpers:152:16)
    at Object.<anonymous> (C:\Users\shrav\OneDrive\Desktop\HIS Quasar\HIS_Quasar\hospital-his-backend\server.js:23:23)
TypeError: authorize is not a function
    at Object.<anonymous> (C:\Users\shrav\OneDrive\Desktop\HIS Quasar\HIS_Quasar\hospital-his-backend\routes\patient.routes.js:14:18)
    at Module._compile (node:internal/modules/cjs/loader:1760:14)
    at Object..js (node:internal/modules/cjs/loader:1892:10)
    at Module.load (node:internal/modules/cjs/loader:1480:32)
    at Module._load (node:internal/modules/cjs/loader:1299:12)
    at TracingChannel.traceSync (node:diagnostics_channel:328:14)
    at wrapModuleLoad (node:internal/modules/cjs/loader:245:24)
    at Module.require (node:internal/modules/cjs/loader:1503:12)
    at require (node:internal/modules/helpers:152:16)
    at Object.<anonymous> (C:\Users\shrav\OneDrive\Desktop\HIS Quasar\HIS_Quasar\hospital-his-backend\server.js:23:23)
2026-01-17 17:05:21 [ERROR]: uncaughtException: authorize is not a function
TypeError: authorize is not a function
    at Object.<anonymous> (C:\Users\shrav\OneDrive\Desktop\HIS Quasar\HIS_Quasar\hospital-his-backend\routes\patient.routes.js:14:18)
    at Module._compile (node:internal/modules/cjs/loader:1760:14)
    at Object..js (node:internal/modules/cjs/loader:1892:10)
    at Module.load (node:internal/modules/cjs/loader:1480:32)
    at Module._load (node:internal/modules/cjs/loader:1299:12)
    at TracingChannel.traceSync (node:diagnostics_channel:328:14)
    at wrapModuleLoad (node:internal/modules/cjs/loader:245:24)
    at Module.require (node:internal/modules/cjs/loader:1503:12)
    at require (node:internal/modules/helpers:152:16)
    at Object.<anonymous> (C:\Users\shrav\OneDrive\Desktop\HIS Quasar\HIS_Quasar\hospital-his-backend\server.js:23:23)
TypeError: authorize is not a function
    at Object.<anonymous> (C:\Users\shrav\OneDrive\Desktop\HIS Quasar\HIS_Quasar\hospital-his-backend\routes\patient.routes.js:14:18)
    at Module._compile (node:internal/modules/cjs/loader:1760:14)
    at Object..js (node:internal/modules/cjs/loader:1892:10)
    at Module.load (node:internal/modules/cjs/loader:1480:32)
    at Module._load (node:internal/modules/cjs/loader:1299:12)
    at TracingChannel.traceSync (node:diagnostics_channel:328:14)
    at wrapModuleLoad (node:internal/modules/cjs/loader:245:24)
    at Module.require (node:internal/modules/cjs/loader:1503:12)
    at require (node:internal/modules/helpers:152:16)
    at Object.<anonymous> (C:\Users\shrav\OneDrive\Desktop\HIS Quasar\HIS_Quasar\hospital-his-backend\server.js:23:23)
2026-01-17 17:06:04 [ERROR]: uncaughtException: authorize is not a function
TypeError: authorize is not a function
    at Object.<anonymous> (C:\Users\shrav\OneDrive\Desktop\HIS Quasar\HIS_Quasar\hospital-his-backend\routes\patient.routes.js:14:18)
    at Module._compile (node:internal/modules/cjs/loader:1760:14)
    at Object..js (node:internal/modules/cjs/loader:1892:10)
    at Module.load (node:internal/modules/cjs/loader:1480:32)
    at Module._load (node:internal/modules/cjs/loader:1299:12)
    at TracingChannel.traceSync (node:diagnostics_channel:328:14)
    at wrapModuleLoad (node:internal/modules/cjs/loader:245:24)
    at Module.require (node:internal/modules/cjs/loader:1503:12)
    at require (node:internal/modules/helpers:152:16)
    at Object.<anonymous> (C:\Users\shrav\OneDrive\Desktop\HIS Quasar\HIS_Quasar\hospital-his-backend\server.js:23:23)
TypeError: authorize is not a function
    at Object.<anonymous> (C:\Users\shrav\OneDrive\Desktop\HIS Quasar\HIS_Quasar\hospital-his-backend\routes\patient.routes.js:14:18)
    at Module._compile (node:internal/modules/cjs/loader:1760:14)
    at Object..js (node:internal/modules/cjs/loader:1892:10)
    at Module.load (node:internal/modules/cjs/loader:1480:32)
    at Module._load (node:internal/modules/cjs/loader:1299:12)
    at TracingChannel.traceSync (node:diagnostics_channel:328:14)
    at wrapModuleLoad (node:internal/modules/cjs/loader:245:24)
    at Module.require (node:internal/modules/cjs/loader:1503:12)
    at require (node:internal/modules/helpers:152:16)
    at Object.<anonymous> (C:\Users\shrav\OneDrive\Desktop\HIS Quasar\HIS_Quasar\hospital-his-backend\server.js:23:23)
2026-01-17 17:06:40 [ERROR]: uncaughtException: authorize is not a function
TypeError: authorize is not a function
    at Object.<anonymous> (C:\Users\shrav\OneDrive\Desktop\HIS Quasar\HIS_Quasar\hospital-his-backend\routes\patient.routes.js:14:18)
    at Module._compile (node:internal/modules/cjs/loader:1554:14)
    at Object..js (node:internal/modules/cjs/loader:1706:10)
    at Module.load (node:internal/modules/cjs/loader:1289:32)
    at Function._load (node:internal/modules/cjs/loader:1108:12)
    at TracingChannel.traceSync (node:diagnostics_channel:322:14)
    at wrapModuleLoad (node:internal/modules/cjs/loader:220:24)
    at Module.require (node:internal/modules/cjs/loader:1311:12)
    at require (node:internal/modules/helpers:136:16)
    at Object.<anonymous> (C:\Users\shrav\OneDrive\Desktop\HIS Quasar\HIS_Quasar\hospital-his-backend\server.js:23:23)
TypeError: authorize is not a function
    at Object.<anonymous> (C:\Users\shrav\OneDrive\Desktop\HIS Quasar\HIS_Quasar\hospital-his-backend\routes\patient.routes.js:14:18)
    at Module._compile (node:internal/modules/cjs/loader:1554:14)
    at Object..js (node:internal/modules/cjs/loader:1706:10)
    at Module.load (node:internal/modules/cjs/loader:1289:32)
    at Function._load (node:internal/modules/cjs/loader:1108:12)
    at TracingChannel.traceSync (node:diagnostics_channel:322:14)
    at wrapModuleLoad (node:internal/modules/cjs/loader:220:24)
    at Module.require (node:internal/modules/cjs/loader:1311:12)
    at require (node:internal/modules/helpers:136:16)
    at Object.<anonymous> (C:\Users\shrav\OneDrive\Desktop\HIS Quasar\HIS_Quasar\hospital-his-backend\server.js:23:23)
2026-01-17 17:06:50 [ERROR]: uncaughtException: authorize is not a function
TypeError: authorize is not a function
    at Object.<anonymous> (C:\Users\shrav\OneDrive\Desktop\HIS Quasar\HIS_Quasar\hospital-his-backend\routes\patient.routes.js:14:18)
    at Module._compile (node:internal/modules/cjs/loader:1554:14)
    at Object..js (node:internal/modules/cjs/loader:1706:10)
    at Module.load (node:internal/modules/cjs/loader:1289:32)
    at Function._load (node:internal/modules/cjs/loader:1108:12)
    at TracingChannel.traceSync (node:diagnostics_channel:322:14)
    at wrapModuleLoad (node:internal/modules/cjs/loader:220:24)
    at Module.require (node:internal/modules/cjs/loader:1311:12)
    at require (node:internal/modules/helpers:136:16)
    at Object.<anonymous> (C:\Users\shrav\OneDrive\Desktop\HIS Quasar\HIS_Quasar\hospital-his-backend\server.js:23:23)
TypeError: authorize is not a function
    at Object.<anonymous> (C:\Users\shrav\OneDrive\Desktop\HIS Quasar\HIS_Quasar\hospital-his-backend\routes\patient.routes.js:14:18)
    at Module._compile (node:internal/modules/cjs/loader:1554:14)
    at Object..js (node:internal/modules/cjs/loader:1706:10)
    at Module.load (node:internal/modules/cjs/loader:1289:32)
    at Function._load (node:internal/modules/cjs/loader:1108:12)
    at TracingChannel.traceSync (node:diagnostics_channel:322:14)
    at wrapModuleLoad (node:internal/modules/cjs/loader:220:24)
    at Module.require (node:internal/modules/cjs/loader:1311:12)
    at require (node:internal/modules/helpers:136:16)
    at Object.<anonymous> (C:\Users\shrav\OneDrive\Desktop\HIS Quasar\HIS_Quasar\hospital-his-backend\server.js:23:23)
2026-01-17 17:06:59 [ERROR]: uncaughtException: authorize is not a function
TypeError: authorize is not a function
    at Object.<anonymous> (C:\Users\shrav\OneDrive\Desktop\HIS Quasar\HIS_Quasar\hospital-his-backend\routes\patient.routes.js:14:18)
    at Module._compile (node:internal/modules/cjs/loader:1554:14)
    at Object..js (node:internal/modules/cjs/loader:1706:10)
    at Module.load (node:internal/modules/cjs/loader:1289:32)
    at Function._load (node:internal/modules/cjs/loader:1108:12)
    at TracingChannel.traceSync (node:diagnostics_channel:322:14)
    at wrapModuleLoad (node:internal/modules/cjs/loader:220:24)
    at Module.require (node:internal/modules/cjs/loader:1311:12)
    at require (node:internal/modules/helpers:136:16)
    at Object.<anonymous> (C:\Users\shrav\OneDrive\Desktop\HIS Quasar\HIS_Quasar\hospital-his-backend\server.js:23:23)
TypeError: authorize is not a function
    at Object.<anonymous> (C:\Users\shrav\OneDrive\Desktop\HIS Quasar\HIS_Quasar\hospital-his-backend\routes\patient.routes.js:14:18)
    at Module._compile (node:internal/modules/cjs/loader:1554:14)
    at Object..js (node:internal/modules/cjs/loader:1706:10)
    at Module.load (node:internal/modules/cjs/loader:1289:32)
    at Function._load (node:internal/modules/cjs/loader:1108:12)
    at TracingChannel.traceSync (node:diagnostics_channel:322:14)
    at wrapModuleLoad (node:internal/modules/cjs/loader:220:24)
    at Module.require (node:internal/modules/cjs/loader:1311:12)
    at require (node:internal/modules/helpers:136:16)
    at Object.<anonymous> (C:\Users\shrav\OneDrive\Desktop\HIS Quasar\HIS_Quasar\hospital-his-backend\server.js:23:23)
2026-01-17 17:07:12 [ERROR]: uncaughtException: authorize is not a function
C:\Users\shrav\OneDrive\Desktop\HIS Quasar\HIS_Quasar\hospital-his-backend\routes\patient.routes.js:14
router.post('/', authorize('receptionist', 'admin', 'doctor', 'nurse'), patientController.createPatient);
                 ^

TypeError: authorize is not a function
    at Object.<anonymous> (C:\Users\shrav\OneDrive\Desktop\HIS Quasar\HIS_Quasar\hospital-his-backend\routes\patient.routes.js:14:18)
    at Module._compile (node:internal/modules/cjs/loader:1554:14)
    at Object..js (node:internal/modules/cjs/loader:1706:10)
    at Module.load (node:internal/modules/cjs/loader:1289:32)
    at Function._load (node:internal/modules/cjs/loader:1108:12)
    at TracingChannel.traceSync (node:diagnostics_channel:322:14)
    at wrapModuleLoad (node:internal/modules/cjs/loader:220:24)
    at Module.require (node:internal/modules/cjs/loader:1311:12)
    at require (node:internal/modules/helpers:136:16)
    at Object.<anonymous> (C:\Users\shrav\OneDrive\Desktop\HIS Quasar\HIS_Quasar\hospital-his-backend\server.js:23:23)
C:\Users\shrav\OneDrive\Desktop\HIS Quasar\HIS_Quasar\hospital-his-backend\routes\patient.routes.js:14
router.post('/', authorize('receptionist', 'admin', 'doctor', 'nurse'), patientController.createPatient);
                 ^

TypeError: authorize is not a function
    at Object.<anonymous> (C:\Users\shrav\OneDrive\Desktop\HIS Quasar\HIS_Quasar\hospital-his-backend\routes\patient.routes.js:14:18)
    at Module._compile (node:internal/modules/cjs/loader:1554:14)
    at Object..js (node:internal/modules/cjs/loader:1706:10)
    at Module.load (node:internal/modules/cjs/loader:1289:32)
    at Function._load (node:internal/modules/cjs/loader:1108:12)
    at TracingChannel.traceSync (node:diagnostics_channel:322:14)
    at wrapModuleLoad (node:internal/modules/cjs/loader:220:24)
    at Module.require (node:internal/modules/cjs/loader:1311:12)
    at require (node:internal/modules/helpers:136:16)
    at Object.<anonymous> (C:\Users\shrav\OneDrive\Desktop\HIS Quasar\HIS_Quasar\hospital-his-backend\server.js:23:23)
2026-01-17 17:10:08 [ERROR]: uncaughtException: listen EADDRINUSE: address already in use :::5000
Error: listen EADDRINUSE: address already in use :::5000
    at Server.setupListenHandle [as _listen2] (node:net:1937:16)
    at listenInCluster (node:net:1994:12)
    at Server.listen (node:net:2099:7)
    at startServer (C:\Users\shrav\OneDrive\Desktop\HIS Quasar\HIS_Quasar\hospital-his-backend\server.js:201:20)
    at process.processTicksAndRejections (node:internal/process/task_queues:105:5)
Error: listen EADDRINUSE: address already in use :::5000
    at Server.setupListenHandle [as _listen2] (node:net:1937:16)
    at listenInCluster (node:net:1994:12)
    at Server.listen (node:net:2099:7)
    at startServer (C:\Users\shrav\OneDrive\Desktop\HIS Quasar\HIS_Quasar\hospital-his-backend\server.js:201:20)
    at process.processTicksAndRejections (node:internal/process/task_queues:105:5)
2026-01-18 17:38:58 [ERROR]: uncaughtException: Route.get() requires a callback function but got a [object Undefined]
Error: Route.get() requires a callback function but got a [object Undefined]
    at Route.<computed> [as get] (C:\Users\shrav\OneDrive\Desktop\HIS Quasar\HIS_Quasar\hospital-his-backend\node_modules\express\lib\router\route.js:216:15)
    at proto.<computed> [as get] (C:\Users\shrav\OneDrive\Desktop\HIS Quasar\HIS_Quasar\hospital-his-backend\node_modules\express\lib\router\index.js:521:19)
    at Object.<anonymous> (C:\Users\shrav\OneDrive\Desktop\HIS Quasar\HIS_Quasar\hospital-his-backend\routes\pharmacy.routes.js:19:8)
    at Module._compile (node:internal/modules/cjs/loader:1760:14)
    at Object..js (node:internal/modules/cjs/loader:1892:10)
    at Module.load (node:internal/modules/cjs/loader:1480:32)
    at Module._load (node:internal/modules/cjs/loader:1299:12)
    at TracingChannel.traceSync (node:diagnostics_channel:328:14)
    at wrapModuleLoad (node:internal/modules/cjs/loader:245:24)
    at Module.require (node:internal/modules/cjs/loader:1503:12)
Error: Route.get() requires a callback function but got a [object Undefined]
    at Route.<computed> [as get] (C:\Users\shrav\OneDrive\Desktop\HIS Quasar\HIS_Quasar\hospital-his-backend\node_modules\express\lib\router\route.js:216:15)
    at proto.<computed> [as get] (C:\Users\shrav\OneDrive\Desktop\HIS Quasar\HIS_Quasar\hospital-his-backend\node_modules\express\lib\router\index.js:521:19)
    at Object.<anonymous> (C:\Users\shrav\OneDrive\Desktop\HIS Quasar\HIS_Quasar\hospital-his-backend\routes\pharmacy.routes.js:19:8)
    at Module._compile (node:internal/modules/cjs/loader:1760:14)
    at Object..js (node:internal/modules/cjs/loader:1892:10)
    at Module.load (node:internal/modules/cjs/loader:1480:32)
    at Module._load (node:internal/modules/cjs/loader:1299:12)
    at TracingChannel.traceSync (node:diagnostics_channel:328:14)
    at wrapModuleLoad (node:internal/modules/cjs/loader:245:24)
    at Module.require (node:internal/modules/cjs/loader:1503:12)
2026-01-18 17:39:15 [ERROR]: uncaughtException: Cannot find module '../middleware/auth'
Require stack:
- C:\Users\shrav\OneDrive\Desktop\HIS Quasar\HIS_Quasar\hospital-his-backend\routes\pharmacy.routes.js
- C:\Users\shrav\OneDrive\Desktop\HIS Quasar\HIS_Quasar\hospital-his-backend\server.js
Error: Cannot find module '../middleware/auth'
Require stack:
- C:\Users\shrav\OneDrive\Desktop\HIS Quasar\HIS_Quasar\hospital-his-backend\routes\pharmacy.routes.js
- C:\Users\shrav\OneDrive\Desktop\HIS Quasar\HIS_Quasar\hospital-his-backend\server.js
    at Module._resolveFilename (node:internal/modules/cjs/loader:1420:15)
    at defaultResolveImpl (node:internal/modules/cjs/loader:1058:19)
    at resolveForCJSWithHooks (node:internal/modules/cjs/loader:1063:22)
    at Module._load (node:internal/modules/cjs/loader:1226:37)
    at TracingChannel.traceSync (node:diagnostics_channel:328:14)
    at wrapModuleLoad (node:internal/modules/cjs/loader:245:24)
    at Module.require (node:internal/modules/cjs/loader:1503:12)
    at require (node:internal/modules/helpers:152:16)
    at Object.<anonymous> (C:\Users\shrav\OneDrive\Desktop\HIS Quasar\HIS_Quasar\hospital-his-backend\routes\pharmacy.routes.js:3:32)
    at Module._compile (node:internal/modules/cjs/loader:1760:14)
Error: Cannot find module '../middleware/auth'
Require stack:
- C:\Users\shrav\OneDrive\Desktop\HIS Quasar\HIS_Quasar\hospital-his-backend\routes\pharmacy.routes.js
- C:\Users\shrav\OneDrive\Desktop\HIS Quasar\HIS_Quasar\hospital-his-backend\server.js
    at Module._resolveFilename (node:internal/modules/cjs/loader:1420:15)
    at defaultResolveImpl (node:internal/modules/cjs/loader:1058:19)
    at resolveForCJSWithHooks (node:internal/modules/cjs/loader:1063:22)
    at Module._load (node:internal/modules/cjs/loader:1226:37)
    at TracingChannel.traceSync (node:diagnostics_channel:328:14)
    at wrapModuleLoad (node:internal/modules/cjs/loader:245:24)
    at Module.require (node:internal/modules/cjs/loader:1503:12)
    at require (node:internal/modules/helpers:152:16)
    at Object.<anonymous> (C:\Users\shrav\OneDrive\Desktop\HIS Quasar\HIS_Quasar\hospital-his-backend\routes\pharmacy.routes.js:3:32)
    at Module._compile (node:internal/modules/cjs/loader:1760:14)
2026-01-18 17:39:30 [ERROR]: uncaughtException: Cannot find module '../middleware/auth'
Require stack:
- C:\Users\shrav\OneDrive\Desktop\HIS Quasar\HIS_Quasar\hospital-his-backend\routes\pharmacy.routes.js
- C:\Users\shrav\OneDrive\Desktop\HIS Quasar\HIS_Quasar\hospital-his-backend\server.js
Error: Cannot find module '../middleware/auth'
Require stack:
- C:\Users\shrav\OneDrive\Desktop\HIS Quasar\HIS_Quasar\hospital-his-backend\routes\pharmacy.routes.js
- C:\Users\shrav\OneDrive\Desktop\HIS Quasar\HIS_Quasar\hospital-his-backend\server.js
    at Module._resolveFilename (node:internal/modules/cjs/loader:1420:15)
    at defaultResolveImpl (node:internal/modules/cjs/loader:1058:19)
    at resolveForCJSWithHooks (node:internal/modules/cjs/loader:1063:22)
    at Module._load (node:internal/modules/cjs/loader:1226:37)
    at TracingChannel.traceSync (node:diagnostics_channel:328:14)
    at wrapModuleLoad (node:internal/modules/cjs/loader:245:24)
    at Module.require (node:internal/modules/cjs/loader:1503:12)
    at require (node:internal/modules/helpers:152:16)
    at Object.<anonymous> (C:\Users\shrav\OneDrive\Desktop\HIS Quasar\HIS_Quasar\hospital-his-backend\routes\pharmacy.routes.js:3:32)
    at Module._compile (node:internal/modules/cjs/loader:1760:14)
Error: Cannot find module '../middleware/auth'
Require stack:
- C:\Users\shrav\OneDrive\Desktop\HIS Quasar\HIS_Quasar\hospital-his-backend\routes\pharmacy.routes.js
- C:\Users\shrav\OneDrive\Desktop\HIS Quasar\HIS_Quasar\hospital-his-backend\server.js
    at Module._resolveFilename (node:internal/modules/cjs/loader:1420:15)
    at defaultResolveImpl (node:internal/modules/cjs/loader:1058:19)
    at resolveForCJSWithHooks (node:internal/modules/cjs/loader:1063:22)
    at Module._load (node:internal/modules/cjs/loader:1226:37)
    at TracingChannel.traceSync (node:diagnostics_channel:328:14)
    at wrapModuleLoad (node:internal/modules/cjs/loader:245:24)
    at Module.require (node:internal/modules/cjs/loader:1503:12)
    at require (node:internal/modules/helpers:152:16)
    at Object.<anonymous> (C:\Users\shrav\OneDrive\Desktop\HIS Quasar\HIS_Quasar\hospital-his-backend\routes\pharmacy.routes.js:3:32)
    at Module._compile (node:internal/modules/cjs/loader:1760:14)
2026-01-18 17:39:50 [ERROR]: uncaughtException: Cannot find module '../middleware/auth'
Require stack:
- C:\Users\shrav\OneDrive\Desktop\HIS Quasar\HIS_Quasar\hospital-his-backend\routes\pharmacy.routes.js
- C:\Users\shrav\OneDrive\Desktop\HIS Quasar\HIS_Quasar\hospital-his-backend\server.js
Error: Cannot find module '../middleware/auth'
Require stack:
- C:\Users\shrav\OneDrive\Desktop\HIS Quasar\HIS_Quasar\hospital-his-backend\routes\pharmacy.routes.js
- C:\Users\shrav\OneDrive\Desktop\HIS Quasar\HIS_Quasar\hospital-his-backend\server.js
    at Module._resolveFilename (node:internal/modules/cjs/loader:1420:15)
    at defaultResolveImpl (node:internal/modules/cjs/loader:1058:19)
    at resolveForCJSWithHooks (node:internal/modules/cjs/loader:1063:22)
    at Module._load (node:internal/modules/cjs/loader:1226:37)
    at TracingChannel.traceSync (node:diagnostics_channel:328:14)
    at wrapModuleLoad (node:internal/modules/cjs/loader:245:24)
    at Module.require (node:internal/modules/cjs/loader:1503:12)
    at require (node:internal/modules/helpers:152:16)
    at Object.<anonymous> (C:\Users\shrav\OneDrive\Desktop\HIS Quasar\HIS_Quasar\hospital-his-backend\routes\pharmacy.routes.js:3:32)
    at Module._compile (node:internal/modules/cjs/loader:1760:14)
Error: Cannot find module '../middleware/auth'
Require stack:
- C:\Users\shrav\OneDrive\Desktop\HIS Quasar\HIS_Quasar\hospital-his-backend\routes\pharmacy.routes.js
- C:\Users\shrav\OneDrive\Desktop\HIS Quasar\HIS_Quasar\hospital-his-backend\server.js
    at Module._resolveFilename (node:internal/modules/cjs/loader:1420:15)
    at defaultResolveImpl (node:internal/modules/cjs/loader:1058:19)
    at resolveForCJSWithHooks (node:internal/modules/cjs/loader:1063:22)
    at Module._load (node:internal/modules/cjs/loader:1226:37)
    at TracingChannel.traceSync (node:diagnostics_channel:328:14)
    at wrapModuleLoad (node:internal/modules/cjs/loader:245:24)
    at Module.require (node:internal/modules/cjs/loader:1503:12)
    at require (node:internal/modules/helpers:152:16)
    at Object.<anonymous> (C:\Users\shrav\OneDrive\Desktop\HIS Quasar\HIS_Quasar\hospital-his-backend\routes\pharmacy.routes.js:3:32)
    at Module._compile (node:internal/modules/cjs/loader:1760:14)
2026-01-18 17:42:43 [ERROR]: uncaughtException: Cannot find module '../middleware/auth'
Require stack:
- C:\Users\shrav\OneDrive\Desktop\HIS Quasar\HIS_Quasar\hospital-his-backend\routes\pharmacy.routes.js
- C:\Users\shrav\OneDrive\Desktop\HIS Quasar\HIS_Quasar\hospital-his-backend\server.js
Error: Cannot find module '../middleware/auth'
Require stack:
- C:\Users\shrav\OneDrive\Desktop\HIS Quasar\HIS_Quasar\hospital-his-backend\routes\pharmacy.routes.js
- C:\Users\shrav\OneDrive\Desktop\HIS Quasar\HIS_Quasar\hospital-his-backend\server.js
    at Module._resolveFilename (node:internal/modules/cjs/loader:1420:15)
    at defaultResolveImpl (node:internal/modules/cjs/loader:1058:19)
    at resolveForCJSWithHooks (node:internal/modules/cjs/loader:1063:22)
    at Module._load (node:internal/modules/cjs/loader:1226:37)
    at TracingChannel.traceSync (node:diagnostics_channel:328:14)
    at wrapModuleLoad (node:internal/modules/cjs/loader:245:24)
    at Module.require (node:internal/modules/cjs/loader:1503:12)
    at require (node:internal/modules/helpers:152:16)
    at Object.<anonymous> (C:\Users\shrav\OneDrive\Desktop\HIS Quasar\HIS_Quasar\hospital-his-backend\routes\pharmacy.routes.js:3:32)
    at Module._compile (node:internal/modules/cjs/loader:1760:14)
Error: Cannot find module '../middleware/auth'
Require stack:
- C:\Users\shrav\OneDrive\Desktop\HIS Quasar\HIS_Quasar\hospital-his-backend\routes\pharmacy.routes.js
- C:\Users\shrav\OneDrive\Desktop\HIS Quasar\HIS_Quasar\hospital-his-backend\server.js
    at Module._resolveFilename (node:internal/modules/cjs/loader:1420:15)
    at defaultResolveImpl (node:internal/modules/cjs/loader:1058:19)
    at resolveForCJSWithHooks (node:internal/modules/cjs/loader:1063:22)
    at Module._load (node:internal/modules/cjs/loader:1226:37)
    at TracingChannel.traceSync (node:diagnostics_channel:328:14)
    at wrapModuleLoad (node:internal/modules/cjs/loader:245:24)
    at Module.require (node:internal/modules/cjs/loader:1503:12)
    at require (node:internal/modules/helpers:152:16)
    at Object.<anonymous> (C:\Users\shrav\OneDrive\Desktop\HIS Quasar\HIS_Quasar\hospital-his-backend\routes\pharmacy.routes.js:3:32)
    at Module._compile (node:internal/modules/cjs/loader:1760:14)
2026-01-18 17:43:48 [ERROR]: uncaughtException: Cannot find module '../middleware/auth'
Require stack:
- C:\Users\shrav\OneDrive\Desktop\HIS Quasar\HIS_Quasar\hospital-his-backend\routes\pharmacy.routes.js
- C:\Users\shrav\OneDrive\Desktop\HIS Quasar\HIS_Quasar\hospital-his-backend\server.js
Error: Cannot find module '../middleware/auth'
Require stack:
- C:\Users\shrav\OneDrive\Desktop\HIS Quasar\HIS_Quasar\hospital-his-backend\routes\pharmacy.routes.js
- C:\Users\shrav\OneDrive\Desktop\HIS Quasar\HIS_Quasar\hospital-his-backend\server.js
    at Module._resolveFilename (node:internal/modules/cjs/loader:1420:15)
    at defaultResolveImpl (node:internal/modules/cjs/loader:1058:19)
    at resolveForCJSWithHooks (node:internal/modules/cjs/loader:1063:22)
    at Module._load (node:internal/modules/cjs/loader:1226:37)
    at TracingChannel.traceSync (node:diagnostics_channel:328:14)
    at wrapModuleLoad (node:internal/modules/cjs/loader:245:24)
    at Module.require (node:internal/modules/cjs/loader:1503:12)
    at require (node:internal/modules/helpers:152:16)
    at Object.<anonymous> (C:\Users\shrav\OneDrive\Desktop\HIS Quasar\HIS_Quasar\hospital-his-backend\routes\pharmacy.routes.js:3:32)
    at Module._compile (node:internal/modules/cjs/loader:1760:14)
Error: Cannot find module '../middleware/auth'
Require stack:
- C:\Users\shrav\OneDrive\Desktop\HIS Quasar\HIS_Quasar\hospital-his-backend\routes\pharmacy.routes.js
- C:\Users\shrav\OneDrive\Desktop\HIS Quasar\HIS_Quasar\hospital-his-backend\server.js
    at Module._resolveFilename (node:internal/modules/cjs/loader:1420:15)
    at defaultResolveImpl (node:internal/modules/cjs/loader:1058:19)
    at resolveForCJSWithHooks (node:internal/modules/cjs/loader:1063:22)
    at Module._load (node:internal/modules/cjs/loader:1226:37)
    at TracingChannel.traceSync (node:diagnostics_channel:328:14)
    at wrapModuleLoad (node:internal/modules/cjs/loader:245:24)
    at Module.require (node:internal/modules/cjs/loader:1503:12)
    at require (node:internal/modules/helpers:152:16)
    at Object.<anonymous> (C:\Users\shrav\OneDrive\Desktop\HIS Quasar\HIS_Quasar\hospital-his-backend\routes\pharmacy.routes.js:3:32)
    at Module._compile (node:internal/modules/cjs/loader:1760:14)
2026-01-18 17:46:54 [ERROR]: uncaughtException: Cannot find module '../middleware/auth'
Require stack:
- C:\Users\shrav\OneDrive\Desktop\HIS Quasar\HIS_Quasar\hospital-his-backend\routes\pharmacy.routes.js
- C:\Users\shrav\OneDrive\Desktop\HIS Quasar\HIS_Quasar\hospital-his-backend\server.js
Error: Cannot find module '../middleware/auth'
Require stack:
- C:\Users\shrav\OneDrive\Desktop\HIS Quasar\HIS_Quasar\hospital-his-backend\routes\pharmacy.routes.js
- C:\Users\shrav\OneDrive\Desktop\HIS Quasar\HIS_Quasar\hospital-his-backend\server.js
    at Function._resolveFilename (node:internal/modules/cjs/loader:1225:15)
    at Function._load (node:internal/modules/cjs/loader:1055:27)
    at TracingChannel.traceSync (node:diagnostics_channel:322:14)
    at wrapModuleLoad (node:internal/modules/cjs/loader:220:24)
    at Module.require (node:internal/modules/cjs/loader:1311:12)
    at require (node:internal/modules/helpers:136:16)
    at Object.<anonymous> (C:\Users\shrav\OneDrive\Desktop\HIS Quasar\HIS_Quasar\hospital-his-backend\routes\pharmacy.routes.js:3:32)
    at Module._compile (node:internal/modules/cjs/loader:1554:14)
    at Object..js (node:internal/modules/cjs/loader:1706:10)
    at Module.load (node:internal/modules/cjs/loader:1289:32)
Error: Cannot find module '../middleware/auth'
Require stack:
- C:\Users\shrav\OneDrive\Desktop\HIS Quasar\HIS_Quasar\hospital-his-backend\routes\pharmacy.routes.js
- C:\Users\shrav\OneDrive\Desktop\HIS Quasar\HIS_Quasar\hospital-his-backend\server.js
    at Function._resolveFilename (node:internal/modules/cjs/loader:1225:15)
    at Function._load (node:internal/modules/cjs/loader:1055:27)
    at TracingChannel.traceSync (node:diagnostics_channel:322:14)
    at wrapModuleLoad (node:internal/modules/cjs/loader:220:24)
    at Module.require (node:internal/modules/cjs/loader:1311:12)
    at require (node:internal/modules/helpers:136:16)
    at Object.<anonymous> (C:\Users\shrav\OneDrive\Desktop\HIS Quasar\HIS_Quasar\hospital-his-backend\routes\pharmacy.routes.js:3:32)
    at Module._compile (node:internal/modules/cjs/loader:1554:14)
    at Object..js (node:internal/modules/cjs/loader:1706:10)
    at Module.load (node:internal/modules/cjs/loader:1289:32)
2026-01-18 17:47:27 [ERROR]: uncaughtException: Cannot find module '../middleware/auth'
Require stack:
- C:\Users\shrav\OneDrive\Desktop\HIS Quasar\HIS_Quasar\hospital-his-backend\routes\pharmacy.routes.js
- C:\Users\shrav\OneDrive\Desktop\HIS Quasar\HIS_Quasar\hospital-his-backend\server.js
Error: Cannot find module '../middleware/auth'
Require stack:
- C:\Users\shrav\OneDrive\Desktop\HIS Quasar\HIS_Quasar\hospital-his-backend\routes\pharmacy.routes.js
- C:\Users\shrav\OneDrive\Desktop\HIS Quasar\HIS_Quasar\hospital-his-backend\server.js
    at Module._resolveFilename (node:internal/modules/cjs/loader:1420:15)
    at defaultResolveImpl (node:internal/modules/cjs/loader:1058:19)
    at resolveForCJSWithHooks (node:internal/modules/cjs/loader:1063:22)
    at Module._load (node:internal/modules/cjs/loader:1226:37)
    at TracingChannel.traceSync (node:diagnostics_channel:328:14)
    at wrapModuleLoad (node:internal/modules/cjs/loader:245:24)
    at Module.require (node:internal/modules/cjs/loader:1503:12)
    at require (node:internal/modules/helpers:152:16)
    at Object.<anonymous> (C:\Users\shrav\OneDrive\Desktop\HIS Quasar\HIS_Quasar\hospital-his-backend\routes\pharmacy.routes.js:3:32)
    at Module._compile (node:internal/modules/cjs/loader:1760:14)
Error: Cannot find module '../middleware/auth'
Require stack:
- C:\Users\shrav\OneDrive\Desktop\HIS Quasar\HIS_Quasar\hospital-his-backend\routes\pharmacy.routes.js
- C:\Users\shrav\OneDrive\Desktop\HIS Quasar\HIS_Quasar\hospital-his-backend\server.js
    at Module._resolveFilename (node:internal/modules/cjs/loader:1420:15)
    at defaultResolveImpl (node:internal/modules/cjs/loader:1058:19)
    at resolveForCJSWithHooks (node:internal/modules/cjs/loader:1063:22)
    at Module._load (node:internal/modules/cjs/loader:1226:37)
    at TracingChannel.traceSync (node:diagnostics_channel:328:14)
    at wrapModuleLoad (node:internal/modules/cjs/loader:245:24)
    at Module.require (node:internal/modules/cjs/loader:1503:12)
    at require (node:internal/modules/helpers:152:16)
    at Object.<anonymous> (C:\Users\shrav\OneDrive\Desktop\HIS Quasar\HIS_Quasar\hospital-his-backend\routes\pharmacy.routes.js:3:32)
    at Module._compile (node:internal/modules/cjs/loader:1760:14)
2026-01-18 17:48:10 [ERROR]: uncaughtException: Cannot find module '../middleware/auth'
Require stack:
- C:\Users\shrav\OneDrive\Desktop\HIS Quasar\HIS_Quasar\hospital-his-backend\routes\pharmacy.routes.js
- C:\Users\shrav\OneDrive\Desktop\HIS Quasar\HIS_Quasar\hospital-his-backend\server.js
Error: Cannot find module '../middleware/auth'
Require stack:
- C:\Users\shrav\OneDrive\Desktop\HIS Quasar\HIS_Quasar\hospital-his-backend\routes\pharmacy.routes.js
- C:\Users\shrav\OneDrive\Desktop\HIS Quasar\HIS_Quasar\hospital-his-backend\server.js
    at Function._resolveFilename (node:internal/modules/cjs/loader:1225:15)
    at Function._load (node:internal/modules/cjs/loader:1055:27)
    at TracingChannel.traceSync (node:diagnostics_channel:322:14)
    at wrapModuleLoad (node:internal/modules/cjs/loader:220:24)
    at Module.require (node:internal/modules/cjs/loader:1311:12)
    at require (node:internal/modules/helpers:136:16)
    at Object.<anonymous> (C:\Users\shrav\OneDrive\Desktop\HIS Quasar\HIS_Quasar\hospital-his-backend\routes\pharmacy.routes.js:3:32)
    at Module._compile (node:internal/modules/cjs/loader:1554:14)
    at Object..js (node:internal/modules/cjs/loader:1706:10)
    at Module.load (node:internal/modules/cjs/loader:1289:32)
Error: Cannot find module '../middleware/auth'
Require stack:
- C:\Users\shrav\OneDrive\Desktop\HIS Quasar\HIS_Quasar\hospital-his-backend\routes\pharmacy.routes.js
- C:\Users\shrav\OneDrive\Desktop\HIS Quasar\HIS_Quasar\hospital-his-backend\server.js
    at Function._resolveFilename (node:internal/modules/cjs/loader:1225:15)
    at Function._load (node:internal/modules/cjs/loader:1055:27)
    at TracingChannel.traceSync (node:diagnostics_channel:322:14)
    at wrapModuleLoad (node:internal/modules/cjs/loader:220:24)
    at Module.require (node:internal/modules/cjs/loader:1311:12)
    at require (node:internal/modules/helpers:136:16)
    at Object.<anonymous> (C:\Users\shrav\OneDrive\Desktop\HIS Quasar\HIS_Quasar\hospital-his-backend\routes\pharmacy.routes.js:3:32)
    at Module._compile (node:internal/modules/cjs/loader:1554:14)
    at Object..js (node:internal/modules/cjs/loader:1706:10)
    at Module.load (node:internal/modules/cjs/loader:1289:32)
2026-01-18 17:49:50 [ERROR]: uncaughtException: listen EADDRINUSE: address already in use :::5000
Error: listen EADDRINUSE: address already in use :::5000
    at Server.setupListenHandle [as _listen2] (node:net:1937:16)
    at listenInCluster (node:net:1994:12)
    at Server.listen (node:net:2099:7)
    at startServer (C:\Users\shrav\OneDrive\Desktop\HIS Quasar\HIS_Quasar\hospital-his-backend\server.js:198:20)
    at process.processTicksAndRejections (node:internal/process/task_queues:105:5)
Error: listen EADDRINUSE: address already in use :::5000
    at Server.setupListenHandle [as _listen2] (node:net:1937:16)
    at listenInCluster (node:net:1994:12)
    at Server.listen (node:net:2099:7)
    at startServer (C:\Users\shrav\OneDrive\Desktop\HIS Quasar\HIS_Quasar\hospital-his-backend\server.js:198:20)
    at process.processTicksAndRejections (node:internal/process/task_queues:105:5)
2026-01-18 17:50:06 [ERROR]: uncaughtException: listen EADDRINUSE: address already in use :::5000
Error: listen EADDRINUSE: address already in use :::5000
    at Server.setupListenHandle [as _listen2] (node:net:1940:16)
    at listenInCluster (node:net:1997:12)
    at Server.listen (node:net:2102:7)
    at startServer (C:\Users\shrav\OneDrive\Desktop\HIS Quasar\HIS_Quasar\hospital-his-backend\server.js:198:20)
    at process.processTicksAndRejections (node:internal/process/task_queues:103:5)
Error: listen EADDRINUSE: address already in use :::5000
    at Server.setupListenHandle [as _listen2] (node:net:1940:16)
    at listenInCluster (node:net:1997:12)
    at Server.listen (node:net:2102:7)
    at startServer (C:\Users\shrav\OneDrive\Desktop\HIS Quasar\HIS_Quasar\hospital-his-backend\server.js:198:20)
    at process.processTicksAndRejections (node:internal/process/task_queues:103:5)
2026-01-18 17:55:27 [ERROR]: uncaughtException: listen EADDRINUSE: address already in use :::5000
Error: listen EADDRINUSE: address already in use :::5000
    at Server.setupListenHandle [as _listen2] (node:net:1937:16)
    at listenInCluster (node:net:1994:12)
    at Server.listen (node:net:2099:7)
    at startServer (C:\Users\shrav\OneDrive\Desktop\HIS Quasar\HIS_Quasar\hospital-his-backend\server.js:198:20)
    at process.processTicksAndRejections (node:internal/process/task_queues:105:5)
Error: listen EADDRINUSE: address already in use :::5000
    at Server.setupListenHandle [as _listen2] (node:net:1937:16)
    at listenInCluster (node:net:1994:12)
    at Server.listen (node:net:2099:7)
    at startServer (C:\Users\shrav\OneDrive\Desktop\HIS Quasar\HIS_Quasar\hospital-his-backend\server.js:198:20)
    at process.processTicksAndRejections (node:internal/process/task_queues:105:5)
2026-01-20 15:30:24 [ERROR]: uncaughtException: await is only valid in async functions and the top level bodies of modules
C:\Users\shrav\OneDrive\Desktop\HIS Quasar\HIS_Quasar\hospital-his-backend\controllers\opd.controller.js:82
const appointment = await Appointment.findByIdAndUpdate(req.params.id, req.body, {
                    ^^^^^

SyntaxError: await is only valid in async functions and the top level bodies of modules
    at wrapSafe (node:internal/modules/cjs/loader:1691:18)
    at Module._compile (node:internal/modules/cjs/loader:1734:20)
    at Object..js (node:internal/modules/cjs/loader:1892:10)
    at Module.load (node:internal/modules/cjs/loader:1480:32)
    at Module._load (node:internal/modules/cjs/loader:1299:12)
    at TracingChannel.traceSync (node:diagnostics_channel:328:14)
    at wrapModuleLoad (node:internal/modules/cjs/loader:245:24)
    at Module.require (node:internal/modules/cjs/loader:1503:12)
    at require (node:internal/modules/helpers:152:16)
    at Object.<anonymous> (C:\Users\shrav\OneDrive\Desktop\HIS Quasar\HIS_Quasar\hospital-his-backend\routes\opd.routes.js:3:23)
C:\Users\shrav\OneDrive\Desktop\HIS Quasar\HIS_Quasar\hospital-his-backend\controllers\opd.controller.js:82
const appointment = await Appointment.findByIdAndUpdate(req.params.id, req.body, {
                    ^^^^^

SyntaxError: await is only valid in async functions and the top level bodies of modules
    at wrapSafe (node:internal/modules/cjs/loader:1691:18)
    at Module._compile (node:internal/modules/cjs/loader:1734:20)
    at Object..js (node:internal/modules/cjs/loader:1892:10)
    at Module.load (node:internal/modules/cjs/loader:1480:32)
    at Module._load (node:internal/modules/cjs/loader:1299:12)
    at TracingChannel.traceSync (node:diagnostics_channel:328:14)
    at wrapModuleLoad (node:internal/modules/cjs/loader:245:24)
    at Module.require (node:internal/modules/cjs/loader:1503:12)
    at require (node:internal/modules/helpers:152:16)
    at Object.<anonymous> (C:\Users\shrav\OneDrive\Desktop\HIS Quasar\HIS_Quasar\hospital-his-backend\routes\opd.routes.js:3:23)
2026-01-20 15:48:45 [ERROR]: uncaughtException: Unexpected token ':'
C:\Users\shrav\OneDrive\Desktop\HIS Quasar\HIS_Quasar\hospital-his-backend\models\Billing.js:93
            isSystemGenerated: {
                             ^

SyntaxError: Unexpected token ':'
    at wrapSafe (node:internal/modules/cjs/loader:1691:18)
    at Module._compile (node:internal/modules/cjs/loader:1734:20)
    at Object..js (node:internal/modules/cjs/loader:1892:10)
    at Module.load (node:internal/modules/cjs/loader:1480:32)
    at Module._load (node:internal/modules/cjs/loader:1299:12)
    at TracingChannel.traceSync (node:diagnostics_channel:328:14)
    at wrapModuleLoad (node:internal/modules/cjs/loader:245:24)
    at Module.require (node:internal/modules/cjs/loader:1503:12)
    at require (node:internal/modules/helpers:152:16)
    at Object.<anonymous> (C:\Users\shrav\OneDrive\Desktop\HIS Quasar\HIS_Quasar\hospital-his-backend\controllers\billing.controller.js:1:17)
C:\Users\shrav\OneDrive\Desktop\HIS Quasar\HIS_Quasar\hospital-his-backend\models\Billing.js:93
            isSystemGenerated: {
                             ^

SyntaxError: Unexpected token ':'
    at wrapSafe (node:internal/modules/cjs/loader:1691:18)
    at Module._compile (node:internal/modules/cjs/loader:1734:20)
    at Object..js (node:internal/modules/cjs/loader:1892:10)
    at Module.load (node:internal/modules/cjs/loader:1480:32)
    at Module._load (node:internal/modules/cjs/loader:1299:12)
    at TracingChannel.traceSync (node:diagnostics_channel:328:14)
    at wrapModuleLoad (node:internal/modules/cjs/loader:245:24)
    at Module.require (node:internal/modules/cjs/loader:1503:12)
    at require (node:internal/modules/helpers:152:16)
    at Object.<anonymous> (C:\Users\shrav\OneDrive\Desktop\HIS Quasar\HIS_Quasar\hospital-his-backend\controllers\billing.controller.js:1:17)
2026-01-20 21:06:22 [ERROR]: uncaughtException: Cannot find module '../services/audit.service'
Require stack:
- C:\Users\shrav\OneDrive\Desktop\HIS Quasar\HIS_Quasar\hospital-his-backend\controllers\surgery.controller.js
- C:\Users\shrav\OneDrive\Desktop\HIS Quasar\HIS_Quasar\hospital-his-backend\routes\surgery.routes.js
- C:\Users\shrav\OneDrive\Desktop\HIS Quasar\HIS_Quasar\hospital-his-backend\server.js
Error: Cannot find module '../services/audit.service'
Require stack:
- C:\Users\shrav\OneDrive\Desktop\HIS Quasar\HIS_Quasar\hospital-his-backend\controllers\surgery.controller.js
- C:\Users\shrav\OneDrive\Desktop\HIS Quasar\HIS_Quasar\hospital-his-backend\routes\surgery.routes.js
- C:\Users\shrav\OneDrive\Desktop\HIS Quasar\HIS_Quasar\hospital-his-backend\server.js
    at Module._resolveFilename (node:internal/modules/cjs/loader:1420:15)
    at defaultResolveImpl (node:internal/modules/cjs/loader:1058:19)
    at resolveForCJSWithHooks (node:internal/modules/cjs/loader:1063:22)
    at Module._load (node:internal/modules/cjs/loader:1226:37)
    at TracingChannel.traceSync (node:diagnostics_channel:328:14)
    at wrapModuleLoad (node:internal/modules/cjs/loader:245:24)
    at Module.require (node:internal/modules/cjs/loader:1503:12)
    at require (node:internal/modules/helpers:152:16)
    at Object.<anonymous> (C:\Users\shrav\OneDrive\Desktop\HIS Quasar\HIS_Quasar\hospital-his-backend\controllers\surgery.controller.js:6:28)
    at Module._compile (node:internal/modules/cjs/loader:1760:14)
Error: Cannot find module '../services/audit.service'
Require stack:
- C:\Users\shrav\OneDrive\Desktop\HIS Quasar\HIS_Quasar\hospital-his-backend\controllers\surgery.controller.js
- C:\Users\shrav\OneDrive\Desktop\HIS Quasar\HIS_Quasar\hospital-his-backend\routes\surgery.routes.js
- C:\Users\shrav\OneDrive\Desktop\HIS Quasar\HIS_Quasar\hospital-his-backend\server.js
    at Module._resolveFilename (node:internal/modules/cjs/loader:1420:15)
    at defaultResolveImpl (node:internal/modules/cjs/loader:1058:19)
    at resolveForCJSWithHooks (node:internal/modules/cjs/loader:1063:22)
    at Module._load (node:internal/modules/cjs/loader:1226:37)
    at TracingChannel.traceSync (node:diagnostics_channel:328:14)
    at wrapModuleLoad (node:internal/modules/cjs/loader:245:24)
    at Module.require (node:internal/modules/cjs/loader:1503:12)
    at require (node:internal/modules/helpers:152:16)
    at Object.<anonymous> (C:\Users\shrav\OneDrive\Desktop\HIS Quasar\HIS_Quasar\hospital-his-backend\controllers\surgery.controller.js:6:28)
    at Module._compile (node:internal/modules/cjs/loader:1760:14)
2026-01-20 21:07:02 [ERROR]: uncaughtException: Cannot find module '../services/audit.service'
Require stack:
- C:\Users\shrav\OneDrive\Desktop\HIS Quasar\HIS_Quasar\hospital-his-backend\controllers\surgery.controller.js
- C:\Users\shrav\OneDrive\Desktop\HIS Quasar\HIS_Quasar\hospital-his-backend\routes\surgery.routes.js
- C:\Users\shrav\OneDrive\Desktop\HIS Quasar\HIS_Quasar\hospital-his-backend\server.js
Error: Cannot find module '../services/audit.service'
Require stack:
- C:\Users\shrav\OneDrive\Desktop\HIS Quasar\HIS_Quasar\hospital-his-backend\controllers\surgery.controller.js
- C:\Users\shrav\OneDrive\Desktop\HIS Quasar\HIS_Quasar\hospital-his-backend\routes\surgery.routes.js
- C:\Users\shrav\OneDrive\Desktop\HIS Quasar\HIS_Quasar\hospital-his-backend\server.js
    at Module._resolveFilename (node:internal/modules/cjs/loader:1420:15)
    at defaultResolveImpl (node:internal/modules/cjs/loader:1058:19)
    at resolveForCJSWithHooks (node:internal/modules/cjs/loader:1063:22)
    at Module._load (node:internal/modules/cjs/loader:1226:37)
    at TracingChannel.traceSync (node:diagnostics_channel:328:14)
    at wrapModuleLoad (node:internal/modules/cjs/loader:245:24)
    at Module.require (node:internal/modules/cjs/loader:1503:12)
    at require (node:internal/modules/helpers:152:16)
    at Object.<anonymous> (C:\Users\shrav\OneDrive\Desktop\HIS Quasar\HIS_Quasar\hospital-his-backend\controllers\surgery.controller.js:6:28)
    at Module._compile (node:internal/modules/cjs/loader:1760:14)
Error: Cannot find module '../services/audit.service'
Require stack:
- C:\Users\shrav\OneDrive\Desktop\HIS Quasar\HIS_Quasar\hospital-his-backend\controllers\surgery.controller.js
- C:\Users\shrav\OneDrive\Desktop\HIS Quasar\HIS_Quasar\hospital-his-backend\routes\surgery.routes.js
- C:\Users\shrav\OneDrive\Desktop\HIS Quasar\HIS_Quasar\hospital-his-backend\server.js
    at Module._resolveFilename (node:internal/modules/cjs/loader:1420:15)
    at defaultResolveImpl (node:internal/modules/cjs/loader:1058:19)
    at resolveForCJSWithHooks (node:internal/modules/cjs/loader:1063:22)
    at Module._load (node:internal/modules/cjs/loader:1226:37)
    at TracingChannel.traceSync (node:diagnostics_channel:328:14)
    at wrapModuleLoad (node:internal/modules/cjs/loader:245:24)
    at Module.require (node:internal/modules/cjs/loader:1503:12)
    at require (node:internal/modules/helpers:152:16)
    at Object.<anonymous> (C:\Users\shrav\OneDrive\Desktop\HIS Quasar\HIS_Quasar\hospital-his-backend\controllers\surgery.controller.js:6:28)
    at Module._compile (node:internal/modules/cjs/loader:1760:14)
